  main.cpp
c:\users\erik wapner\documents\github\gameproject-massive-internship-erik\gameproject\gameproject\rectangle.h(30): error C2904: 'Rectangle': name already used for a template in the current scope
  c:\program files (x86)\windows kits\10\include\10.0.16299.0\um\wingdi.h(4498): note: see declaration of 'Rectangle'
c:\users\erik wapner\documents\github\gameproject-massive-internship-erik\gameproject\gameproject\rectangle.h(33): error C2988: unrecognizable template declaration/definition
c:\users\erik wapner\documents\github\gameproject-massive-internship-erik\gameproject\gameproject\rectangle.h(33): error C2143: syntax error: missing ';' before '<'
c:\users\erik wapner\documents\github\gameproject-massive-internship-erik\gameproject\gameproject\rectangle.h(33): error C7525: inline variables require at least '/std:c++17'
c:\users\erik wapner\documents\github\gameproject-massive-internship-erik\gameproject\gameproject\rectangle.h(33): error C4430: missing type specifier - int assumed. Note: C++ does not support default-int
c:\users\erik wapner\documents\github\gameproject-massive-internship-erik\gameproject\gameproject\rectangle.h(33): error C2365: 'Rectangle': redefinition; previous definition was 'function'
  c:\program files (x86)\windows kits\10\include\10.0.16299.0\um\wingdi.h(4498): note: see declaration of 'Rectangle'
c:\users\erik wapner\documents\github\gameproject-massive-internship-erik\gameproject\gameproject\rectangle.h(33): error C2059: syntax error: '<'
c:\users\erik wapner\documents\github\gameproject-massive-internship-erik\gameproject\gameproject\rectangle.h(34): error C2143: syntax error: missing ';' before '{'
c:\users\erik wapner\documents\github\gameproject-massive-internship-erik\gameproject\gameproject\rectangle.h(34): error C2447: '{': missing function header (old-style formal list?)
c:\users\erik wapner\documents\github\gameproject-massive-internship-erik\gameproject\gameproject\rectangle.h(44): error C2988: unrecognizable template declaration/definition
c:\users\erik wapner\documents\github\gameproject-massive-internship-erik\gameproject\gameproject\rectangle.h(44): error C2143: syntax error: missing ';' before '<'
c:\users\erik wapner\documents\github\gameproject-massive-internship-erik\gameproject\gameproject\rectangle.h(44): error C7525: inline variables require at least '/std:c++17'
c:\users\erik wapner\documents\github\gameproject-massive-internship-erik\gameproject\gameproject\rectangle.h(44): error C4430: missing type specifier - int assumed. Note: C++ does not support default-int
c:\users\erik wapner\documents\github\gameproject-massive-internship-erik\gameproject\gameproject\rectangle.h(44): error C2365: 'Rectangle': redefinition; previous definition was 'function'
  c:\program files (x86)\windows kits\10\include\10.0.16299.0\um\wingdi.h(4498): note: see declaration of 'Rectangle'
c:\users\erik wapner\documents\github\gameproject-massive-internship-erik\gameproject\gameproject\rectangle.h(44): error C2059: syntax error: '<'
c:\users\erik wapner\documents\github\gameproject-massive-internship-erik\gameproject\gameproject\rectangle.h(45): error C2143: syntax error: missing ';' before '{'
c:\users\erik wapner\documents\github\gameproject-massive-internship-erik\gameproject\gameproject\rectangle.h(45): error C2447: '{': missing function header (old-style formal list?)
c:\users\erik wapner\documents\github\gameproject-massive-internship-erik\gameproject\gameproject\rectangle.h(55): error C2988: unrecognizable template declaration/definition
c:\users\erik wapner\documents\github\gameproject-massive-internship-erik\gameproject\gameproject\rectangle.h(55): error C2143: syntax error: missing ';' before '<'
c:\users\erik wapner\documents\github\gameproject-massive-internship-erik\gameproject\gameproject\rectangle.h(55): error C7525: inline variables require at least '/std:c++17'
c:\users\erik wapner\documents\github\gameproject-massive-internship-erik\gameproject\gameproject\rectangle.h(55): error C4430: missing type specifier - int assumed. Note: C++ does not support default-int
c:\users\erik wapner\documents\github\gameproject-massive-internship-erik\gameproject\gameproject\rectangle.h(55): error C2365: 'Rectangle': redefinition; previous definition was 'function'
  c:\program files (x86)\windows kits\10\include\10.0.16299.0\um\wingdi.h(4498): note: see declaration of 'Rectangle'
c:\users\erik wapner\documents\github\gameproject-massive-internship-erik\gameproject\gameproject\rectangle.h(55): error C2059: syntax error: '<'
c:\users\erik wapner\documents\github\gameproject-massive-internship-erik\gameproject\gameproject\rectangle.h(56): error C2143: syntax error: missing ';' before '{'
c:\users\erik wapner\documents\github\gameproject-massive-internship-erik\gameproject\gameproject\rectangle.h(56): error C2447: '{': missing function header (old-style formal list?)
c:\users\erik wapner\documents\github\gameproject-massive-internship-erik\gameproject\gameproject\rectangle.h(60): error C2988: unrecognizable template declaration/definition
c:\users\erik wapner\documents\github\gameproject-massive-internship-erik\gameproject\gameproject\rectangle.h(60): error C2143: syntax error: missing ';' before '<'
c:\users\erik wapner\documents\github\gameproject-massive-internship-erik\gameproject\gameproject\rectangle.h(60): error C7525: inline variables require at least '/std:c++17'
c:\users\erik wapner\documents\github\gameproject-massive-internship-erik\gameproject\gameproject\rectangle.h(60): error C2365: 'Rectangle': redefinition; previous definition was 'function'
  c:\program files (x86)\windows kits\10\include\10.0.16299.0\um\wingdi.h(4498): note: see declaration of 'Rectangle'
c:\users\erik wapner\documents\github\gameproject-massive-internship-erik\gameproject\gameproject\rectangle.h(60): error C2059: syntax error: '<'
c:\users\erik wapner\documents\github\gameproject-massive-internship-erik\gameproject\gameproject\rectangle.h(60): error C2039: 'IsEmpty': is not a member of '`global namespace''
c:\users\erik wapner\documents\github\gameproject-massive-internship-erik\gameproject\gameproject\rectangle.h(61): error C2143: syntax error: missing ';' before '{'
c:\users\erik wapner\documents\github\gameproject-massive-internship-erik\gameproject\gameproject\rectangle.h(61): error C2447: '{': missing function header (old-style formal list?)
c:\users\erik wapner\documents\github\gameproject-massive-internship-erik\gameproject\gameproject\rectangle.h(66): error C2988: unrecognizable template declaration/definition
c:\users\erik wapner\documents\github\gameproject-massive-internship-erik\gameproject\gameproject\rectangle.h(66): error C2143: syntax error: missing ';' before '<'
c:\users\erik wapner\documents\github\gameproject-massive-internship-erik\gameproject\gameproject\rectangle.h(66): error C7525: inline variables require at least '/std:c++17'
c:\users\erik wapner\documents\github\gameproject-massive-internship-erik\gameproject\gameproject\rectangle.h(66): error C2365: 'Rectangle': redefinition; previous definition was 'function'
  c:\program files (x86)\windows kits\10\include\10.0.16299.0\um\wingdi.h(4498): note: see declaration of 'Rectangle'
c:\users\erik wapner\documents\github\gameproject-massive-internship-erik\gameproject\gameproject\rectangle.h(66): error C2059: syntax error: '<'
c:\users\erik wapner\documents\github\gameproject-massive-internship-erik\gameproject\gameproject\rectangle.h(66): error C2039: 'GetX': is not a member of '`global namespace''
c:\users\erik wapner\documents\github\gameproject-massive-internship-erik\gameproject\gameproject\rectangle.h(67): error C2143: syntax error: missing ';' before '{'
c:\users\erik wapner\documents\github\gameproject-massive-internship-erik\gameproject\gameproject\rectangle.h(67): error C2447: '{': missing function header (old-style formal list?)
c:\users\erik wapner\documents\github\gameproject-massive-internship-erik\gameproject\gameproject\rectangle.h(72): error C2988: unrecognizable template declaration/definition
c:\users\erik wapner\documents\github\gameproject-massive-internship-erik\gameproject\gameproject\rectangle.h(72): error C2143: syntax error: missing ';' before '<'
c:\users\erik wapner\documents\github\gameproject-massive-internship-erik\gameproject\gameproject\rectangle.h(72): error C7525: inline variables require at least '/std:c++17'
c:\users\erik wapner\documents\github\gameproject-massive-internship-erik\gameproject\gameproject\rectangle.h(72): error C2365: 'Rectangle': redefinition; previous definition was 'function'
  c:\program files (x86)\windows kits\10\include\10.0.16299.0\um\wingdi.h(4498): note: see declaration of 'Rectangle'
c:\users\erik wapner\documents\github\gameproject-massive-internship-erik\gameproject\gameproject\rectangle.h(72): error C2059: syntax error: '<'
c:\users\erik wapner\documents\github\gameproject-massive-internship-erik\gameproject\gameproject\rectangle.h(72): error C2039: 'GetX2': is not a member of '`global namespace''
c:\users\erik wapner\documents\github\gameproject-massive-internship-erik\gameproject\gameproject\rectangle.h(73): error C2143: syntax error: missing ';' before '{'
c:\users\erik wapner\documents\github\gameproject-massive-internship-erik\gameproject\gameproject\rectangle.h(73): error C2447: '{': missing function header (old-style formal list?)
c:\users\erik wapner\documents\github\gameproject-massive-internship-erik\gameproject\gameproject\rectangle.h(78): error C2988: unrecognizable template declaration/definition
c:\users\erik wapner\documents\github\gameproject-massive-internship-erik\gameproject\gameproject\rectangle.h(78): error C2143: syntax error: missing ';' before '<'
c:\users\erik wapner\documents\github\gameproject-massive-internship-erik\gameproject\gameproject\rectangle.h(78): error C7525: inline variables require at least '/std:c++17'
c:\users\erik wapner\documents\github\gameproject-massive-internship-erik\gameproject\gameproject\rectangle.h(78): error C2365: 'Rectangle': redefinition; previous definition was 'function'
  c:\program files (x86)\windows kits\10\include\10.0.16299.0\um\wingdi.h(4498): note: see declaration of 'Rectangle'
c:\users\erik wapner\documents\github\gameproject-massive-internship-erik\gameproject\gameproject\rectangle.h(78): error C2059: syntax error: '<'
c:\users\erik wapner\documents\github\gameproject-massive-internship-erik\gameproject\gameproject\rectangle.h(78): error C2039: 'GetY': is not a member of '`global namespace''
c:\users\erik wapner\documents\github\gameproject-massive-internship-erik\gameproject\gameproject\rectangle.h(79): error C2143: syntax error: missing ';' before '{'
c:\users\erik wapner\documents\github\gameproject-massive-internship-erik\gameproject\gameproject\rectangle.h(79): error C2447: '{': missing function header (old-style formal list?)
c:\users\erik wapner\documents\github\gameproject-massive-internship-erik\gameproject\gameproject\rectangle.h(84): error C2988: unrecognizable template declaration/definition
c:\users\erik wapner\documents\github\gameproject-massive-internship-erik\gameproject\gameproject\rectangle.h(84): error C2143: syntax error: missing ';' before '<'
c:\users\erik wapner\documents\github\gameproject-massive-internship-erik\gameproject\gameproject\rectangle.h(84): error C7525: inline variables require at least '/std:c++17'
c:\users\erik wapner\documents\github\gameproject-massive-internship-erik\gameproject\gameproject\rectangle.h(84): error C2365: 'Rectangle': redefinition; previous definition was 'function'
  c:\program files (x86)\windows kits\10\include\10.0.16299.0\um\wingdi.h(4498): note: see declaration of 'Rectangle'
c:\users\erik wapner\documents\github\gameproject-massive-internship-erik\gameproject\gameproject\rectangle.h(84): error C2059: syntax error: '<'
c:\users\erik wapner\documents\github\gameproject-massive-internship-erik\gameproject\gameproject\rectangle.h(84): error C2039: 'GetY2': is not a member of '`global namespace''
c:\users\erik wapner\documents\github\gameproject-massive-internship-erik\gameproject\gameproject\rectangle.h(85): error C2143: syntax error: missing ';' before '{'
c:\users\erik wapner\documents\github\gameproject-massive-internship-erik\gameproject\gameproject\rectangle.h(85): error C2447: '{': missing function header (old-style formal list?)
c:\users\erik wapner\documents\github\gameproject-massive-internship-erik\gameproject\gameproject\rectangle.h(90): error C2988: unrecognizable template declaration/definition
c:\users\erik wapner\documents\github\gameproject-massive-internship-erik\gameproject\gameproject\rectangle.h(90): error C2143: syntax error: missing ';' before '<'
c:\users\erik wapner\documents\github\gameproject-massive-internship-erik\gameproject\gameproject\rectangle.h(90): error C7525: inline variables require at least '/std:c++17'
c:\users\erik wapner\documents\github\gameproject-massive-internship-erik\gameproject\gameproject\rectangle.h(90): error C2365: 'Rectangle': redefinition; previous definition was 'function'
  c:\program files (x86)\windows kits\10\include\10.0.16299.0\um\wingdi.h(4498): note: see declaration of 'Rectangle'
c:\users\erik wapner\documents\github\gameproject-massive-internship-erik\gameproject\gameproject\rectangle.h(90): error C2059: syntax error: '<'
c:\users\erik wapner\documents\github\gameproject-massive-internship-erik\gameproject\gameproject\rectangle.h(90): error C2039: 'GetWidth': is not a member of '`global namespace''
c:\users\erik wapner\documents\github\gameproject-massive-internship-erik\gameproject\gameproject\rectangle.h(91): error C2143: syntax error: missing ';' before '{'
c:\users\erik wapner\documents\github\gameproject-massive-internship-erik\gameproject\gameproject\rectangle.h(91): error C2447: '{': missing function header (old-style formal list?)
c:\users\erik wapner\documents\github\gameproject-massive-internship-erik\gameproject\gameproject\rectangle.h(96): error C2988: unrecognizable template declaration/definition
c:\users\erik wapner\documents\github\gameproject-massive-internship-erik\gameproject\gameproject\rectangle.h(96): error C2143: syntax error: missing ';' before '<'
c:\users\erik wapner\documents\github\gameproject-massive-internship-erik\gameproject\gameproject\rectangle.h(96): error C7525: inline variables require at least '/std:c++17'
c:\users\erik wapner\documents\github\gameproject-massive-internship-erik\gameproject\gameproject\rectangle.h(96): error C2365: 'Rectangle': redefinition; previous definition was 'function'
  c:\program files (x86)\windows kits\10\include\10.0.16299.0\um\wingdi.h(4498): note: see declaration of 'Rectangle'
c:\users\erik wapner\documents\github\gameproject-massive-internship-erik\gameproject\gameproject\rectangle.h(96): error C2059: syntax error: '<'
c:\users\erik wapner\documents\github\gameproject-massive-internship-erik\gameproject\gameproject\rectangle.h(96): error C2039: 'GetHeight': is not a member of '`global namespace''
c:\users\erik wapner\documents\github\gameproject-massive-internship-erik\gameproject\gameproject\rectangle.h(97): error C2143: syntax error: missing ';' before '{'
c:\users\erik wapner\documents\github\gameproject-massive-internship-erik\gameproject\gameproject\rectangle.h(97): error C2447: '{': missing function header (old-style formal list?)
c:\users\erik wapner\documents\github\gameproject-massive-internship-erik\gameproject\gameproject\rectangle.h(102): error C2988: unrecognizable template declaration/definition
c:\users\erik wapner\documents\github\gameproject-massive-internship-erik\gameproject\gameproject\rectangle.h(102): error C2143: syntax error: missing ';' before '<'
c:\users\erik wapner\documents\github\gameproject-massive-internship-erik\gameproject\gameproject\rectangle.h(102): error C7525: inline variables require at least '/std:c++17'
c:\users\erik wapner\documents\github\gameproject-massive-internship-erik\gameproject\gameproject\rectangle.h(102): error C2365: 'Rectangle': redefinition; previous definition was 'function'
  c:\program files (x86)\windows kits\10\include\10.0.16299.0\um\wingdi.h(4498): note: see declaration of 'Rectangle'
c:\users\erik wapner\documents\github\gameproject-massive-internship-erik\gameproject\gameproject\rectangle.h(102): error C2059: syntax error: '<'
c:\users\erik wapner\documents\github\gameproject-massive-internship-erik\gameproject\gameproject\rectangle.h(102): error C2039: 'Contains': is not a member of '`global namespace''
c:\users\erik wapner\documents\github\gameproject-massive-internship-erik\gameproject\gameproject\rectangle.h(103): error C2143: syntax error: missing ';' before '{'
c:\users\erik wapner\documents\github\gameproject-massive-internship-erik\gameproject\gameproject\rectangle.h(103): error C2447: '{': missing function header (old-style formal list?)
c:\users\erik wapner\documents\github\gameproject-massive-internship-erik\gameproject\gameproject\rectangle.h(109): error C2988: unrecognizable template declaration/definition
c:\users\erik wapner\documents\github\gameproject-massive-internship-erik\gameproject\gameproject\rectangle.h(109): error C2143: syntax error: missing ';' before '<'
c:\users\erik wapner\documents\github\gameproject-massive-internship-erik\gameproject\gameproject\rectangle.h(109): error C7525: inline variables require at least '/std:c++17'
c:\users\erik wapner\documents\github\gameproject-massive-internship-erik\gameproject\gameproject\rectangle.h(109): error C2365: 'Rectangle': redefinition; previous definition was 'function'
  c:\program files (x86)\windows kits\10\include\10.0.16299.0\um\wingdi.h(4498): note: see declaration of 'Rectangle'
c:\users\erik wapner\documents\github\gameproject-massive-internship-erik\gameproject\gameproject\rectangle.h(109): error C2059: syntax error: '<'
c:\users\erik wapner\documents\github\gameproject-massive-internship-erik\gameproject\gameproject\rectangle.h(109): error C2039: 'Intersect': is not a member of '`global namespace''
c:\users\erik wapner\documents\github\gameproject-massive-internship-erik\gameproject\gameproject\rectangle.h(110): error C2143: syntax error: missing ';' before '{'
c:\users\erik wapner\documents\github\gameproject-massive-internship-erik\gameproject\gameproject\rectangle.h(110): error C2447: '{': missing function header (old-style formal list?)
c:\users\erik wapner\documents\github\gameproject-massive-internship-erik\gameproject\gameproject\main.cpp(41): error C2065: 'settings': undeclared identifier
c:\users\erik wapner\documents\github\gameproject-massive-internship-erik\gameproject\gameproject\main.cpp(48): error C2065: 'depthShader': undeclared identifier
c:\users\erik wapner\documents\github\gameproject-massive-internship-erik\gameproject\gameproject\main.cpp(49): error C2065: 'depthShader': undeclared identifier
c:\users\erik wapner\documents\github\gameproject-massive-internship-erik\gameproject\gameproject\main.cpp(53): error C2065: 'inputHandler': undeclared identifier
c:\users\erik wapner\documents\github\gameproject-massive-internship-erik\gameproject\gameproject\main.cpp(63): error C2065: 'event': undeclared identifier
c:\users\erik wapner\documents\github\gameproject-massive-internship-erik\gameproject\gameproject\main.cpp(64): error C2065: 'inputHandler': undeclared identifier
c:\users\erik wapner\documents\github\gameproject-massive-internship-erik\gameproject\gameproject\main.cpp(66): error C2065: 'event': undeclared identifier
c:\users\erik wapner\documents\github\gameproject-massive-internship-erik\gameproject\gameproject\main.cpp(66): fatal error C1003: error count exceeds 100; stopping compilation
  Player.cpp
c:\users\erik wapner\documents\github\gameproject-massive-internship-erik\gameproject\gameproject\rectangle.h(30): error C2904: 'Rectangle': name already used for a template in the current scope
  c:\program files (x86)\windows kits\10\include\10.0.16299.0\um\wingdi.h(4498): note: see declaration of 'Rectangle'
c:\users\erik wapner\documents\github\gameproject-massive-internship-erik\gameproject\gameproject\rectangle.h(33): error C2988: unrecognizable template declaration/definition
c:\users\erik wapner\documents\github\gameproject-massive-internship-erik\gameproject\gameproject\rectangle.h(33): error C2143: syntax error: missing ';' before '<'
c:\users\erik wapner\documents\github\gameproject-massive-internship-erik\gameproject\gameproject\rectangle.h(33): error C7525: inline variables require at least '/std:c++17'
c:\users\erik wapner\documents\github\gameproject-massive-internship-erik\gameproject\gameproject\rectangle.h(33): error C4430: missing type specifier - int assumed. Note: C++ does not support default-int
c:\users\erik wapner\documents\github\gameproject-massive-internship-erik\gameproject\gameproject\rectangle.h(33): error C2365: 'Rectangle': redefinition; previous definition was 'function'
  c:\program files (x86)\windows kits\10\include\10.0.16299.0\um\wingdi.h(4498): note: see declaration of 'Rectangle'
c:\users\erik wapner\documents\github\gameproject-massive-internship-erik\gameproject\gameproject\rectangle.h(33): error C2059: syntax error: '<'
c:\users\erik wapner\documents\github\gameproject-massive-internship-erik\gameproject\gameproject\rectangle.h(34): error C2143: syntax error: missing ';' before '{'
c:\users\erik wapner\documents\github\gameproject-massive-internship-erik\gameproject\gameproject\rectangle.h(34): error C2447: '{': missing function header (old-style formal list?)
c:\users\erik wapner\documents\github\gameproject-massive-internship-erik\gameproject\gameproject\rectangle.h(44): error C2988: unrecognizable template declaration/definition
c:\users\erik wapner\documents\github\gameproject-massive-internship-erik\gameproject\gameproject\rectangle.h(44): error C2143: syntax error: missing ';' before '<'
c:\users\erik wapner\documents\github\gameproject-massive-internship-erik\gameproject\gameproject\rectangle.h(44): error C7525: inline variables require at least '/std:c++17'
c:\users\erik wapner\documents\github\gameproject-massive-internship-erik\gameproject\gameproject\rectangle.h(44): error C4430: missing type specifier - int assumed. Note: C++ does not support default-int
c:\users\erik wapner\documents\github\gameproject-massive-internship-erik\gameproject\gameproject\rectangle.h(44): error C2365: 'Rectangle': redefinition; previous definition was 'function'
  c:\program files (x86)\windows kits\10\include\10.0.16299.0\um\wingdi.h(4498): note: see declaration of 'Rectangle'
c:\users\erik wapner\documents\github\gameproject-massive-internship-erik\gameproject\gameproject\rectangle.h(44): error C2059: syntax error: '<'
c:\users\erik wapner\documents\github\gameproject-massive-internship-erik\gameproject\gameproject\rectangle.h(45): error C2143: syntax error: missing ';' before '{'
c:\users\erik wapner\documents\github\gameproject-massive-internship-erik\gameproject\gameproject\rectangle.h(45): error C2447: '{': missing function header (old-style formal list?)
c:\users\erik wapner\documents\github\gameproject-massive-internship-erik\gameproject\gameproject\rectangle.h(55): error C2988: unrecognizable template declaration/definition
c:\users\erik wapner\documents\github\gameproject-massive-internship-erik\gameproject\gameproject\rectangle.h(55): error C2143: syntax error: missing ';' before '<'
c:\users\erik wapner\documents\github\gameproject-massive-internship-erik\gameproject\gameproject\rectangle.h(55): error C7525: inline variables require at least '/std:c++17'
c:\users\erik wapner\documents\github\gameproject-massive-internship-erik\gameproject\gameproject\rectangle.h(55): error C4430: missing type specifier - int assumed. Note: C++ does not support default-int
c:\users\erik wapner\documents\github\gameproject-massive-internship-erik\gameproject\gameproject\rectangle.h(55): error C2365: 'Rectangle': redefinition; previous definition was 'function'
  c:\program files (x86)\windows kits\10\include\10.0.16299.0\um\wingdi.h(4498): note: see declaration of 'Rectangle'
c:\users\erik wapner\documents\github\gameproject-massive-internship-erik\gameproject\gameproject\rectangle.h(55): error C2059: syntax error: '<'
c:\users\erik wapner\documents\github\gameproject-massive-internship-erik\gameproject\gameproject\rectangle.h(56): error C2143: syntax error: missing ';' before '{'
c:\users\erik wapner\documents\github\gameproject-massive-internship-erik\gameproject\gameproject\rectangle.h(56): error C2447: '{': missing function header (old-style formal list?)
c:\users\erik wapner\documents\github\gameproject-massive-internship-erik\gameproject\gameproject\rectangle.h(60): error C2988: unrecognizable template declaration/definition
c:\users\erik wapner\documents\github\gameproject-massive-internship-erik\gameproject\gameproject\rectangle.h(60): error C2143: syntax error: missing ';' before '<'
c:\users\erik wapner\documents\github\gameproject-massive-internship-erik\gameproject\gameproject\rectangle.h(60): error C7525: inline variables require at least '/std:c++17'
c:\users\erik wapner\documents\github\gameproject-massive-internship-erik\gameproject\gameproject\rectangle.h(60): error C2365: 'Rectangle': redefinition; previous definition was 'function'
  c:\program files (x86)\windows kits\10\include\10.0.16299.0\um\wingdi.h(4498): note: see declaration of 'Rectangle'
c:\users\erik wapner\documents\github\gameproject-massive-internship-erik\gameproject\gameproject\rectangle.h(60): error C2059: syntax error: '<'
c:\users\erik wapner\documents\github\gameproject-massive-internship-erik\gameproject\gameproject\rectangle.h(60): error C2039: 'IsEmpty': is not a member of '`global namespace''
c:\users\erik wapner\documents\github\gameproject-massive-internship-erik\gameproject\gameproject\rectangle.h(61): error C2143: syntax error: missing ';' before '{'
c:\users\erik wapner\documents\github\gameproject-massive-internship-erik\gameproject\gameproject\rectangle.h(61): error C2447: '{': missing function header (old-style formal list?)
c:\users\erik wapner\documents\github\gameproject-massive-internship-erik\gameproject\gameproject\rectangle.h(66): error C2988: unrecognizable template declaration/definition
c:\users\erik wapner\documents\github\gameproject-massive-internship-erik\gameproject\gameproject\rectangle.h(66): error C2143: syntax error: missing ';' before '<'
c:\users\erik wapner\documents\github\gameproject-massive-internship-erik\gameproject\gameproject\rectangle.h(66): error C7525: inline variables require at least '/std:c++17'
c:\users\erik wapner\documents\github\gameproject-massive-internship-erik\gameproject\gameproject\rectangle.h(66): error C2365: 'Rectangle': redefinition; previous definition was 'function'
  c:\program files (x86)\windows kits\10\include\10.0.16299.0\um\wingdi.h(4498): note: see declaration of 'Rectangle'
c:\users\erik wapner\documents\github\gameproject-massive-internship-erik\gameproject\gameproject\rectangle.h(66): error C2059: syntax error: '<'
c:\users\erik wapner\documents\github\gameproject-massive-internship-erik\gameproject\gameproject\rectangle.h(66): error C2039: 'GetX': is not a member of '`global namespace''
c:\users\erik wapner\documents\github\gameproject-massive-internship-erik\gameproject\gameproject\rectangle.h(67): error C2143: syntax error: missing ';' before '{'
c:\users\erik wapner\documents\github\gameproject-massive-internship-erik\gameproject\gameproject\rectangle.h(67): error C2447: '{': missing function header (old-style formal list?)
c:\users\erik wapner\documents\github\gameproject-massive-internship-erik\gameproject\gameproject\rectangle.h(72): error C2988: unrecognizable template declaration/definition
c:\users\erik wapner\documents\github\gameproject-massive-internship-erik\gameproject\gameproject\rectangle.h(72): error C2143: syntax error: missing ';' before '<'
c:\users\erik wapner\documents\github\gameproject-massive-internship-erik\gameproject\gameproject\rectangle.h(72): error C7525: inline variables require at least '/std:c++17'
c:\users\erik wapner\documents\github\gameproject-massive-internship-erik\gameproject\gameproject\rectangle.h(72): error C2365: 'Rectangle': redefinition; previous definition was 'function'
  c:\program files (x86)\windows kits\10\include\10.0.16299.0\um\wingdi.h(4498): note: see declaration of 'Rectangle'
c:\users\erik wapner\documents\github\gameproject-massive-internship-erik\gameproject\gameproject\rectangle.h(72): error C2059: syntax error: '<'
c:\users\erik wapner\documents\github\gameproject-massive-internship-erik\gameproject\gameproject\rectangle.h(72): error C2039: 'GetX2': is not a member of '`global namespace''
c:\users\erik wapner\documents\github\gameproject-massive-internship-erik\gameproject\gameproject\rectangle.h(73): error C2143: syntax error: missing ';' before '{'
c:\users\erik wapner\documents\github\gameproject-massive-internship-erik\gameproject\gameproject\rectangle.h(73): error C2447: '{': missing function header (old-style formal list?)
c:\users\erik wapner\documents\github\gameproject-massive-internship-erik\gameproject\gameproject\rectangle.h(78): error C2988: unrecognizable template declaration/definition
c:\users\erik wapner\documents\github\gameproject-massive-internship-erik\gameproject\gameproject\rectangle.h(78): error C2143: syntax error: missing ';' before '<'
c:\users\erik wapner\documents\github\gameproject-massive-internship-erik\gameproject\gameproject\rectangle.h(78): error C7525: inline variables require at least '/std:c++17'
c:\users\erik wapner\documents\github\gameproject-massive-internship-erik\gameproject\gameproject\rectangle.h(78): error C2365: 'Rectangle': redefinition; previous definition was 'function'
  c:\program files (x86)\windows kits\10\include\10.0.16299.0\um\wingdi.h(4498): note: see declaration of 'Rectangle'
c:\users\erik wapner\documents\github\gameproject-massive-internship-erik\gameproject\gameproject\rectangle.h(78): error C2059: syntax error: '<'
c:\users\erik wapner\documents\github\gameproject-massive-internship-erik\gameproject\gameproject\rectangle.h(78): error C2039: 'GetY': is not a member of '`global namespace''
c:\users\erik wapner\documents\github\gameproject-massive-internship-erik\gameproject\gameproject\rectangle.h(79): error C2143: syntax error: missing ';' before '{'
c:\users\erik wapner\documents\github\gameproject-massive-internship-erik\gameproject\gameproject\rectangle.h(79): error C2447: '{': missing function header (old-style formal list?)
c:\users\erik wapner\documents\github\gameproject-massive-internship-erik\gameproject\gameproject\rectangle.h(84): error C2988: unrecognizable template declaration/definition
c:\users\erik wapner\documents\github\gameproject-massive-internship-erik\gameproject\gameproject\rectangle.h(84): error C2143: syntax error: missing ';' before '<'
c:\users\erik wapner\documents\github\gameproject-massive-internship-erik\gameproject\gameproject\rectangle.h(84): error C7525: inline variables require at least '/std:c++17'
c:\users\erik wapner\documents\github\gameproject-massive-internship-erik\gameproject\gameproject\rectangle.h(84): error C2365: 'Rectangle': redefinition; previous definition was 'function'
  c:\program files (x86)\windows kits\10\include\10.0.16299.0\um\wingdi.h(4498): note: see declaration of 'Rectangle'
c:\users\erik wapner\documents\github\gameproject-massive-internship-erik\gameproject\gameproject\rectangle.h(84): error C2059: syntax error: '<'
c:\users\erik wapner\documents\github\gameproject-massive-internship-erik\gameproject\gameproject\rectangle.h(84): error C2039: 'GetY2': is not a member of '`global namespace''
c:\users\erik wapner\documents\github\gameproject-massive-internship-erik\gameproject\gameproject\rectangle.h(85): error C2143: syntax error: missing ';' before '{'
c:\users\erik wapner\documents\github\gameproject-massive-internship-erik\gameproject\gameproject\rectangle.h(85): error C2447: '{': missing function header (old-style formal list?)
c:\users\erik wapner\documents\github\gameproject-massive-internship-erik\gameproject\gameproject\rectangle.h(90): error C2988: unrecognizable template declaration/definition
c:\users\erik wapner\documents\github\gameproject-massive-internship-erik\gameproject\gameproject\rectangle.h(90): error C2143: syntax error: missing ';' before '<'
c:\users\erik wapner\documents\github\gameproject-massive-internship-erik\gameproject\gameproject\rectangle.h(90): error C7525: inline variables require at least '/std:c++17'
c:\users\erik wapner\documents\github\gameproject-massive-internship-erik\gameproject\gameproject\rectangle.h(90): error C2365: 'Rectangle': redefinition; previous definition was 'function'
  c:\program files (x86)\windows kits\10\include\10.0.16299.0\um\wingdi.h(4498): note: see declaration of 'Rectangle'
c:\users\erik wapner\documents\github\gameproject-massive-internship-erik\gameproject\gameproject\rectangle.h(90): error C2059: syntax error: '<'
c:\users\erik wapner\documents\github\gameproject-massive-internship-erik\gameproject\gameproject\rectangle.h(90): error C2039: 'GetWidth': is not a member of '`global namespace''
c:\users\erik wapner\documents\github\gameproject-massive-internship-erik\gameproject\gameproject\rectangle.h(91): error C2143: syntax error: missing ';' before '{'
c:\users\erik wapner\documents\github\gameproject-massive-internship-erik\gameproject\gameproject\rectangle.h(91): error C2447: '{': missing function header (old-style formal list?)
c:\users\erik wapner\documents\github\gameproject-massive-internship-erik\gameproject\gameproject\rectangle.h(96): error C2988: unrecognizable template declaration/definition
c:\users\erik wapner\documents\github\gameproject-massive-internship-erik\gameproject\gameproject\rectangle.h(96): error C2143: syntax error: missing ';' before '<'
c:\users\erik wapner\documents\github\gameproject-massive-internship-erik\gameproject\gameproject\rectangle.h(96): error C7525: inline variables require at least '/std:c++17'
c:\users\erik wapner\documents\github\gameproject-massive-internship-erik\gameproject\gameproject\rectangle.h(96): error C2365: 'Rectangle': redefinition; previous definition was 'function'
  c:\program files (x86)\windows kits\10\include\10.0.16299.0\um\wingdi.h(4498): note: see declaration of 'Rectangle'
c:\users\erik wapner\documents\github\gameproject-massive-internship-erik\gameproject\gameproject\rectangle.h(96): error C2059: syntax error: '<'
c:\users\erik wapner\documents\github\gameproject-massive-internship-erik\gameproject\gameproject\rectangle.h(96): error C2039: 'GetHeight': is not a member of '`global namespace''
c:\users\erik wapner\documents\github\gameproject-massive-internship-erik\gameproject\gameproject\rectangle.h(97): error C2143: syntax error: missing ';' before '{'
c:\users\erik wapner\documents\github\gameproject-massive-internship-erik\gameproject\gameproject\rectangle.h(97): error C2447: '{': missing function header (old-style formal list?)
c:\users\erik wapner\documents\github\gameproject-massive-internship-erik\gameproject\gameproject\rectangle.h(102): error C2988: unrecognizable template declaration/definition
c:\users\erik wapner\documents\github\gameproject-massive-internship-erik\gameproject\gameproject\rectangle.h(102): error C2143: syntax error: missing ';' before '<'
c:\users\erik wapner\documents\github\gameproject-massive-internship-erik\gameproject\gameproject\rectangle.h(102): error C7525: inline variables require at least '/std:c++17'
c:\users\erik wapner\documents\github\gameproject-massive-internship-erik\gameproject\gameproject\rectangle.h(102): error C2365: 'Rectangle': redefinition; previous definition was 'function'
  c:\program files (x86)\windows kits\10\include\10.0.16299.0\um\wingdi.h(4498): note: see declaration of 'Rectangle'
c:\users\erik wapner\documents\github\gameproject-massive-internship-erik\gameproject\gameproject\rectangle.h(102): error C2059: syntax error: '<'
c:\users\erik wapner\documents\github\gameproject-massive-internship-erik\gameproject\gameproject\rectangle.h(102): error C2039: 'Contains': is not a member of '`global namespace''
c:\users\erik wapner\documents\github\gameproject-massive-internship-erik\gameproject\gameproject\rectangle.h(103): error C2143: syntax error: missing ';' before '{'
c:\users\erik wapner\documents\github\gameproject-massive-internship-erik\gameproject\gameproject\rectangle.h(103): error C2447: '{': missing function header (old-style formal list?)
c:\users\erik wapner\documents\github\gameproject-massive-internship-erik\gameproject\gameproject\rectangle.h(109): error C2988: unrecognizable template declaration/definition
c:\users\erik wapner\documents\github\gameproject-massive-internship-erik\gameproject\gameproject\rectangle.h(109): error C2143: syntax error: missing ';' before '<'
c:\users\erik wapner\documents\github\gameproject-massive-internship-erik\gameproject\gameproject\rectangle.h(109): error C7525: inline variables require at least '/std:c++17'
c:\users\erik wapner\documents\github\gameproject-massive-internship-erik\gameproject\gameproject\rectangle.h(109): error C2365: 'Rectangle': redefinition; previous definition was 'function'
  c:\program files (x86)\windows kits\10\include\10.0.16299.0\um\wingdi.h(4498): note: see declaration of 'Rectangle'
c:\users\erik wapner\documents\github\gameproject-massive-internship-erik\gameproject\gameproject\rectangle.h(109): error C2059: syntax error: '<'
c:\users\erik wapner\documents\github\gameproject-massive-internship-erik\gameproject\gameproject\rectangle.h(109): error C2039: 'Intersect': is not a member of '`global namespace''
c:\users\erik wapner\documents\github\gameproject-massive-internship-erik\gameproject\gameproject\rectangle.h(110): error C2143: syntax error: missing ';' before '{'
c:\users\erik wapner\documents\github\gameproject-massive-internship-erik\gameproject\gameproject\rectangle.h(110): error C2447: '{': missing function header (old-style formal list?)
c:\users\erik wapner\documents\github\gameproject-massive-internship-erik\gameproject\gameproject\player.cpp(5): error C2039: '{ctor}': is not a member of 'Player'
  c:\users\erik wapner\documents\github\gameproject-massive-internship-erik\gameproject\gameproject\player.h(7): note: see declaration of 'Player'
c:\users\erik wapner\documents\github\gameproject-massive-internship-erik\gameproject\gameproject\player.cpp(6): error C4430: missing type specifier - int assumed. Note: C++ does not support default-int
c:\users\erik wapner\documents\github\gameproject-massive-internship-erik\gameproject\gameproject\player.cpp(7): error C2352: 'Entity::Init': illegal call of non-static member function
  c:\users\erik wapner\documents\github\gameproject-massive-internship-erik\gameproject\gameproject\entity.h(19): note: see declaration of 'Entity::Init'
c:\users\erik wapner\documents\github\gameproject-massive-internship-erik\gameproject\gameproject\player.cpp(9): error C2065: 'myX': undeclared identifier
c:\users\erik wapner\documents\github\gameproject-massive-internship-erik\gameproject\gameproject\player.cpp(10): error C2065: 'myY': undeclared identifier
c:\users\erik wapner\documents\github\gameproject-massive-internship-erik\gameproject\gameproject\player.cpp(11): error C2065: 'mySprite': undeclared identifier
c:\users\erik wapner\documents\github\gameproject-massive-internship-erik\gameproject\gameproject\player.cpp(12): error C2065: 'myAnimationSpeed': undeclared identifier
c:\users\erik wapner\documents\github\gameproject-massive-internship-erik\gameproject\gameproject\player.cpp(13): error C2065: 'myXScale': undeclared identifier
c:\users\erik wapner\documents\github\gameproject-massive-internship-erik\gameproject\gameproject\player.cpp(13): fatal error C1003: error count exceeds 100; stopping compilation
  CollisionEntity.cpp
c:\users\erik wapner\documents\github\gameproject-massive-internship-erik\gameproject\gameproject\rectangle.h(30): error C2904: 'Rectangle': name already used for a template in the current scope
  c:\program files (x86)\windows kits\10\include\10.0.16299.0\um\wingdi.h(4498): note: see declaration of 'Rectangle'
c:\users\erik wapner\documents\github\gameproject-massive-internship-erik\gameproject\gameproject\rectangle.h(33): error C2988: unrecognizable template declaration/definition
c:\users\erik wapner\documents\github\gameproject-massive-internship-erik\gameproject\gameproject\rectangle.h(33): error C2143: syntax error: missing ';' before '<'
c:\users\erik wapner\documents\github\gameproject-massive-internship-erik\gameproject\gameproject\rectangle.h(33): error C7525: inline variables require at least '/std:c++17'
c:\users\erik wapner\documents\github\gameproject-massive-internship-erik\gameproject\gameproject\rectangle.h(33): error C4430: missing type specifier - int assumed. Note: C++ does not support default-int
c:\users\erik wapner\documents\github\gameproject-massive-internship-erik\gameproject\gameproject\rectangle.h(33): error C2365: 'Rectangle': redefinition; previous definition was 'function'
  c:\program files (x86)\windows kits\10\include\10.0.16299.0\um\wingdi.h(4498): note: see declaration of 'Rectangle'
c:\users\erik wapner\documents\github\gameproject-massive-internship-erik\gameproject\gameproject\rectangle.h(33): error C2059: syntax error: '<'
c:\users\erik wapner\documents\github\gameproject-massive-internship-erik\gameproject\gameproject\rectangle.h(34): error C2143: syntax error: missing ';' before '{'
c:\users\erik wapner\documents\github\gameproject-massive-internship-erik\gameproject\gameproject\rectangle.h(34): error C2447: '{': missing function header (old-style formal list?)
c:\users\erik wapner\documents\github\gameproject-massive-internship-erik\gameproject\gameproject\rectangle.h(44): error C2988: unrecognizable template declaration/definition
c:\users\erik wapner\documents\github\gameproject-massive-internship-erik\gameproject\gameproject\rectangle.h(44): error C2143: syntax error: missing ';' before '<'
c:\users\erik wapner\documents\github\gameproject-massive-internship-erik\gameproject\gameproject\rectangle.h(44): error C7525: inline variables require at least '/std:c++17'
c:\users\erik wapner\documents\github\gameproject-massive-internship-erik\gameproject\gameproject\rectangle.h(44): error C4430: missing type specifier - int assumed. Note: C++ does not support default-int
c:\users\erik wapner\documents\github\gameproject-massive-internship-erik\gameproject\gameproject\rectangle.h(44): error C2365: 'Rectangle': redefinition; previous definition was 'function'
  c:\program files (x86)\windows kits\10\include\10.0.16299.0\um\wingdi.h(4498): note: see declaration of 'Rectangle'
c:\users\erik wapner\documents\github\gameproject-massive-internship-erik\gameproject\gameproject\rectangle.h(44): error C2059: syntax error: '<'
c:\users\erik wapner\documents\github\gameproject-massive-internship-erik\gameproject\gameproject\rectangle.h(45): error C2143: syntax error: missing ';' before '{'
c:\users\erik wapner\documents\github\gameproject-massive-internship-erik\gameproject\gameproject\rectangle.h(45): error C2447: '{': missing function header (old-style formal list?)
c:\users\erik wapner\documents\github\gameproject-massive-internship-erik\gameproject\gameproject\rectangle.h(55): error C2988: unrecognizable template declaration/definition
c:\users\erik wapner\documents\github\gameproject-massive-internship-erik\gameproject\gameproject\rectangle.h(55): error C2143: syntax error: missing ';' before '<'
c:\users\erik wapner\documents\github\gameproject-massive-internship-erik\gameproject\gameproject\rectangle.h(55): error C7525: inline variables require at least '/std:c++17'
c:\users\erik wapner\documents\github\gameproject-massive-internship-erik\gameproject\gameproject\rectangle.h(55): error C4430: missing type specifier - int assumed. Note: C++ does not support default-int
c:\users\erik wapner\documents\github\gameproject-massive-internship-erik\gameproject\gameproject\rectangle.h(55): error C2365: 'Rectangle': redefinition; previous definition was 'function'
  c:\program files (x86)\windows kits\10\include\10.0.16299.0\um\wingdi.h(4498): note: see declaration of 'Rectangle'
c:\users\erik wapner\documents\github\gameproject-massive-internship-erik\gameproject\gameproject\rectangle.h(55): error C2059: syntax error: '<'
c:\users\erik wapner\documents\github\gameproject-massive-internship-erik\gameproject\gameproject\rectangle.h(56): error C2143: syntax error: missing ';' before '{'
c:\users\erik wapner\documents\github\gameproject-massive-internship-erik\gameproject\gameproject\rectangle.h(56): error C2447: '{': missing function header (old-style formal list?)
c:\users\erik wapner\documents\github\gameproject-massive-internship-erik\gameproject\gameproject\rectangle.h(60): error C2988: unrecognizable template declaration/definition
c:\users\erik wapner\documents\github\gameproject-massive-internship-erik\gameproject\gameproject\rectangle.h(60): error C2143: syntax error: missing ';' before '<'
c:\users\erik wapner\documents\github\gameproject-massive-internship-erik\gameproject\gameproject\rectangle.h(60): error C7525: inline variables require at least '/std:c++17'
c:\users\erik wapner\documents\github\gameproject-massive-internship-erik\gameproject\gameproject\rectangle.h(60): error C2365: 'Rectangle': redefinition; previous definition was 'function'
  c:\program files (x86)\windows kits\10\include\10.0.16299.0\um\wingdi.h(4498): note: see declaration of 'Rectangle'
c:\users\erik wapner\documents\github\gameproject-massive-internship-erik\gameproject\gameproject\rectangle.h(60): error C2059: syntax error: '<'
c:\users\erik wapner\documents\github\gameproject-massive-internship-erik\gameproject\gameproject\rectangle.h(60): error C2039: 'IsEmpty': is not a member of '`global namespace''
c:\users\erik wapner\documents\github\gameproject-massive-internship-erik\gameproject\gameproject\rectangle.h(61): error C2143: syntax error: missing ';' before '{'
c:\users\erik wapner\documents\github\gameproject-massive-internship-erik\gameproject\gameproject\rectangle.h(61): error C2447: '{': missing function header (old-style formal list?)
c:\users\erik wapner\documents\github\gameproject-massive-internship-erik\gameproject\gameproject\rectangle.h(66): error C2988: unrecognizable template declaration/definition
c:\users\erik wapner\documents\github\gameproject-massive-internship-erik\gameproject\gameproject\rectangle.h(66): error C2143: syntax error: missing ';' before '<'
c:\users\erik wapner\documents\github\gameproject-massive-internship-erik\gameproject\gameproject\rectangle.h(66): error C7525: inline variables require at least '/std:c++17'
c:\users\erik wapner\documents\github\gameproject-massive-internship-erik\gameproject\gameproject\rectangle.h(66): error C2365: 'Rectangle': redefinition; previous definition was 'function'
  c:\program files (x86)\windows kits\10\include\10.0.16299.0\um\wingdi.h(4498): note: see declaration of 'Rectangle'
c:\users\erik wapner\documents\github\gameproject-massive-internship-erik\gameproject\gameproject\rectangle.h(66): error C2059: syntax error: '<'
c:\users\erik wapner\documents\github\gameproject-massive-internship-erik\gameproject\gameproject\rectangle.h(66): error C2039: 'GetX': is not a member of '`global namespace''
c:\users\erik wapner\documents\github\gameproject-massive-internship-erik\gameproject\gameproject\rectangle.h(67): error C2143: syntax error: missing ';' before '{'
c:\users\erik wapner\documents\github\gameproject-massive-internship-erik\gameproject\gameproject\rectangle.h(67): error C2447: '{': missing function header (old-style formal list?)
c:\users\erik wapner\documents\github\gameproject-massive-internship-erik\gameproject\gameproject\rectangle.h(72): error C2988: unrecognizable template declaration/definition
c:\users\erik wapner\documents\github\gameproject-massive-internship-erik\gameproject\gameproject\rectangle.h(72): error C2143: syntax error: missing ';' before '<'
c:\users\erik wapner\documents\github\gameproject-massive-internship-erik\gameproject\gameproject\rectangle.h(72): error C7525: inline variables require at least '/std:c++17'
c:\users\erik wapner\documents\github\gameproject-massive-internship-erik\gameproject\gameproject\rectangle.h(72): error C2365: 'Rectangle': redefinition; previous definition was 'function'
  c:\program files (x86)\windows kits\10\include\10.0.16299.0\um\wingdi.h(4498): note: see declaration of 'Rectangle'
c:\users\erik wapner\documents\github\gameproject-massive-internship-erik\gameproject\gameproject\rectangle.h(72): error C2059: syntax error: '<'
c:\users\erik wapner\documents\github\gameproject-massive-internship-erik\gameproject\gameproject\rectangle.h(72): error C2039: 'GetX2': is not a member of '`global namespace''
c:\users\erik wapner\documents\github\gameproject-massive-internship-erik\gameproject\gameproject\rectangle.h(73): error C2143: syntax error: missing ';' before '{'
c:\users\erik wapner\documents\github\gameproject-massive-internship-erik\gameproject\gameproject\rectangle.h(73): error C2447: '{': missing function header (old-style formal list?)
c:\users\erik wapner\documents\github\gameproject-massive-internship-erik\gameproject\gameproject\rectangle.h(78): error C2988: unrecognizable template declaration/definition
c:\users\erik wapner\documents\github\gameproject-massive-internship-erik\gameproject\gameproject\rectangle.h(78): error C2143: syntax error: missing ';' before '<'
c:\users\erik wapner\documents\github\gameproject-massive-internship-erik\gameproject\gameproject\rectangle.h(78): error C7525: inline variables require at least '/std:c++17'
c:\users\erik wapner\documents\github\gameproject-massive-internship-erik\gameproject\gameproject\rectangle.h(78): error C2365: 'Rectangle': redefinition; previous definition was 'function'
  c:\program files (x86)\windows kits\10\include\10.0.16299.0\um\wingdi.h(4498): note: see declaration of 'Rectangle'
c:\users\erik wapner\documents\github\gameproject-massive-internship-erik\gameproject\gameproject\rectangle.h(78): error C2059: syntax error: '<'
c:\users\erik wapner\documents\github\gameproject-massive-internship-erik\gameproject\gameproject\rectangle.h(78): error C2039: 'GetY': is not a member of '`global namespace''
c:\users\erik wapner\documents\github\gameproject-massive-internship-erik\gameproject\gameproject\rectangle.h(79): error C2143: syntax error: missing ';' before '{'
c:\users\erik wapner\documents\github\gameproject-massive-internship-erik\gameproject\gameproject\rectangle.h(79): error C2447: '{': missing function header (old-style formal list?)
c:\users\erik wapner\documents\github\gameproject-massive-internship-erik\gameproject\gameproject\rectangle.h(84): error C2988: unrecognizable template declaration/definition
c:\users\erik wapner\documents\github\gameproject-massive-internship-erik\gameproject\gameproject\rectangle.h(84): error C2143: syntax error: missing ';' before '<'
c:\users\erik wapner\documents\github\gameproject-massive-internship-erik\gameproject\gameproject\rectangle.h(84): error C7525: inline variables require at least '/std:c++17'
c:\users\erik wapner\documents\github\gameproject-massive-internship-erik\gameproject\gameproject\rectangle.h(84): error C2365: 'Rectangle': redefinition; previous definition was 'function'
  c:\program files (x86)\windows kits\10\include\10.0.16299.0\um\wingdi.h(4498): note: see declaration of 'Rectangle'
c:\users\erik wapner\documents\github\gameproject-massive-internship-erik\gameproject\gameproject\rectangle.h(84): error C2059: syntax error: '<'
c:\users\erik wapner\documents\github\gameproject-massive-internship-erik\gameproject\gameproject\rectangle.h(84): error C2039: 'GetY2': is not a member of '`global namespace''
c:\users\erik wapner\documents\github\gameproject-massive-internship-erik\gameproject\gameproject\rectangle.h(85): error C2143: syntax error: missing ';' before '{'
c:\users\erik wapner\documents\github\gameproject-massive-internship-erik\gameproject\gameproject\rectangle.h(85): error C2447: '{': missing function header (old-style formal list?)
c:\users\erik wapner\documents\github\gameproject-massive-internship-erik\gameproject\gameproject\rectangle.h(90): error C2988: unrecognizable template declaration/definition
c:\users\erik wapner\documents\github\gameproject-massive-internship-erik\gameproject\gameproject\rectangle.h(90): error C2143: syntax error: missing ';' before '<'
c:\users\erik wapner\documents\github\gameproject-massive-internship-erik\gameproject\gameproject\rectangle.h(90): error C7525: inline variables require at least '/std:c++17'
c:\users\erik wapner\documents\github\gameproject-massive-internship-erik\gameproject\gameproject\rectangle.h(90): error C2365: 'Rectangle': redefinition; previous definition was 'function'
  c:\program files (x86)\windows kits\10\include\10.0.16299.0\um\wingdi.h(4498): note: see declaration of 'Rectangle'
c:\users\erik wapner\documents\github\gameproject-massive-internship-erik\gameproject\gameproject\rectangle.h(90): error C2059: syntax error: '<'
c:\users\erik wapner\documents\github\gameproject-massive-internship-erik\gameproject\gameproject\rectangle.h(90): error C2039: 'GetWidth': is not a member of '`global namespace''
c:\users\erik wapner\documents\github\gameproject-massive-internship-erik\gameproject\gameproject\rectangle.h(91): error C2143: syntax error: missing ';' before '{'
c:\users\erik wapner\documents\github\gameproject-massive-internship-erik\gameproject\gameproject\rectangle.h(91): error C2447: '{': missing function header (old-style formal list?)
c:\users\erik wapner\documents\github\gameproject-massive-internship-erik\gameproject\gameproject\rectangle.h(96): error C2988: unrecognizable template declaration/definition
c:\users\erik wapner\documents\github\gameproject-massive-internship-erik\gameproject\gameproject\rectangle.h(96): error C2143: syntax error: missing ';' before '<'
c:\users\erik wapner\documents\github\gameproject-massive-internship-erik\gameproject\gameproject\rectangle.h(96): error C7525: inline variables require at least '/std:c++17'
c:\users\erik wapner\documents\github\gameproject-massive-internship-erik\gameproject\gameproject\rectangle.h(96): error C2365: 'Rectangle': redefinition; previous definition was 'function'
  c:\program files (x86)\windows kits\10\include\10.0.16299.0\um\wingdi.h(4498): note: see declaration of 'Rectangle'
c:\users\erik wapner\documents\github\gameproject-massive-internship-erik\gameproject\gameproject\rectangle.h(96): error C2059: syntax error: '<'
c:\users\erik wapner\documents\github\gameproject-massive-internship-erik\gameproject\gameproject\rectangle.h(96): error C2039: 'GetHeight': is not a member of '`global namespace''
c:\users\erik wapner\documents\github\gameproject-massive-internship-erik\gameproject\gameproject\rectangle.h(97): error C2143: syntax error: missing ';' before '{'
c:\users\erik wapner\documents\github\gameproject-massive-internship-erik\gameproject\gameproject\rectangle.h(97): error C2447: '{': missing function header (old-style formal list?)
c:\users\erik wapner\documents\github\gameproject-massive-internship-erik\gameproject\gameproject\rectangle.h(102): error C2988: unrecognizable template declaration/definition
c:\users\erik wapner\documents\github\gameproject-massive-internship-erik\gameproject\gameproject\rectangle.h(102): error C2143: syntax error: missing ';' before '<'
c:\users\erik wapner\documents\github\gameproject-massive-internship-erik\gameproject\gameproject\rectangle.h(102): error C7525: inline variables require at least '/std:c++17'
c:\users\erik wapner\documents\github\gameproject-massive-internship-erik\gameproject\gameproject\rectangle.h(102): error C2365: 'Rectangle': redefinition; previous definition was 'function'
  c:\program files (x86)\windows kits\10\include\10.0.16299.0\um\wingdi.h(4498): note: see declaration of 'Rectangle'
c:\users\erik wapner\documents\github\gameproject-massive-internship-erik\gameproject\gameproject\rectangle.h(102): error C2059: syntax error: '<'
c:\users\erik wapner\documents\github\gameproject-massive-internship-erik\gameproject\gameproject\rectangle.h(102): error C2039: 'Contains': is not a member of '`global namespace''
c:\users\erik wapner\documents\github\gameproject-massive-internship-erik\gameproject\gameproject\rectangle.h(103): error C2143: syntax error: missing ';' before '{'
c:\users\erik wapner\documents\github\gameproject-massive-internship-erik\gameproject\gameproject\rectangle.h(103): error C2447: '{': missing function header (old-style formal list?)
c:\users\erik wapner\documents\github\gameproject-massive-internship-erik\gameproject\gameproject\rectangle.h(109): error C2988: unrecognizable template declaration/definition
c:\users\erik wapner\documents\github\gameproject-massive-internship-erik\gameproject\gameproject\rectangle.h(109): error C2143: syntax error: missing ';' before '<'
c:\users\erik wapner\documents\github\gameproject-massive-internship-erik\gameproject\gameproject\rectangle.h(109): error C7525: inline variables require at least '/std:c++17'
c:\users\erik wapner\documents\github\gameproject-massive-internship-erik\gameproject\gameproject\rectangle.h(109): error C2365: 'Rectangle': redefinition; previous definition was 'function'
  c:\program files (x86)\windows kits\10\include\10.0.16299.0\um\wingdi.h(4498): note: see declaration of 'Rectangle'
c:\users\erik wapner\documents\github\gameproject-massive-internship-erik\gameproject\gameproject\rectangle.h(109): error C2059: syntax error: '<'
c:\users\erik wapner\documents\github\gameproject-massive-internship-erik\gameproject\gameproject\rectangle.h(109): error C2039: 'Intersect': is not a member of '`global namespace''
c:\users\erik wapner\documents\github\gameproject-massive-internship-erik\gameproject\gameproject\rectangle.h(110): error C2143: syntax error: missing ';' before '{'
c:\users\erik wapner\documents\github\gameproject-massive-internship-erik\gameproject\gameproject\rectangle.h(110): error C2447: '{': missing function header (old-style formal list?)
c:\users\erik wapner\documents\github\gameproject-massive-internship-erik\gameproject\gameproject\collisionentity.cpp(5): error C2039: '{ctor}': is not a member of 'CollisionEntity'
  c:\users\erik wapner\documents\github\gameproject-massive-internship-erik\gameproject\gameproject\collisionentity.h(8): note: see declaration of 'CollisionEntity'
c:\users\erik wapner\documents\github\gameproject-massive-internship-erik\gameproject\gameproject\collisionentity.cpp(6): error C4430: missing type specifier - int assumed. Note: C++ does not support default-int
c:\users\erik wapner\documents\github\gameproject-massive-internship-erik\gameproject\gameproject\collisionentity.cpp(7): error C2065: 'myMovementSpeed': undeclared identifier
c:\users\erik wapner\documents\github\gameproject-massive-internship-erik\gameproject\gameproject\collisionentity.cpp(8): error C2065: 'myXSpeed': undeclared identifier
c:\users\erik wapner\documents\github\gameproject-massive-internship-erik\gameproject\gameproject\collisionentity.cpp(9): error C2065: 'myYSpeed': undeclared identifier
c:\users\erik wapner\documents\github\gameproject-massive-internship-erik\gameproject\gameproject\collisionentity.cpp(10): error C2065: 'myBoundingBox': undeclared identifier
c:\users\erik wapner\documents\github\gameproject-massive-internship-erik\gameproject\gameproject\collisionentity.cpp(10): error C2062: type 'float' unexpected
c:\users\erik wapner\documents\github\gameproject-massive-internship-erik\gameproject\gameproject\collisionentity.cpp(11): warning C4508: '{ctor}': function should return a value; 'void' return type assumed
c:\users\erik wapner\documents\github\gameproject-massive-internship-erik\gameproject\gameproject\collisionentity.cpp(14): error C2039: '{dtor}': is not a member of 'CollisionEntity'
  c:\users\erik wapner\documents\github\gameproject-massive-internship-erik\gameproject\gameproject\collisionentity.h(8): note: see declaration of 'CollisionEntity'
c:\users\erik wapner\documents\github\gameproject-massive-internship-erik\gameproject\gameproject\collisionentity.cpp(14): fatal error C1003: error count exceeds 100; stopping compilation
  Generating Code...
  Compiling...
  Entity.cpp
c:\users\erik wapner\documents\github\gameproject-massive-internship-erik\gameproject\gameproject\entity.cpp(59): warning C4018: '<': signed/unsigned mismatch
  Generating Code...
c:\users\erik wapner\documents\github\gameproject-massive-internship-erik\gameproject\gameproject\growingarray.h(296): warning C4172: returning address of local variable or temporary
  Compiling...
  QuadNode.cpp
  GSprite.cpp
c:\users\erik wapner\documents\github\gameproject-massive-internship-erik\gameproject\gameproject\gsprite.cpp(28): warning C4244: '=': conversion from 'int' to 'float', possible loss of data
c:\users\erik wapner\documents\github\gameproject-massive-internship-erik\gameproject\gameproject\gsprite.cpp(35): warning C4244: '=': conversion from 'unsigned int' to 'float', possible loss of data
c:\users\erik wapner\documents\github\gameproject-massive-internship-erik\gameproject\gameproject\gsprite.cpp(36): warning C4244: '=': conversion from 'unsigned int' to 'float', possible loss of data
c:\users\erik wapner\documents\github\gameproject-massive-internship-erik\gameproject\gameproject\gsprite.cpp(48): warning C4244: 'initializing': conversion from 'float' to 'int', possible loss of data
c:\users\erik wapner\documents\github\gameproject-massive-internship-erik\gameproject\gameproject\gsprite.cpp(68): warning C4244: 'argument': conversion from 'float' to 'int', possible loss of data
c:\users\erik wapner\documents\github\gameproject-massive-internship-erik\gameproject\gameproject\gsprite.cpp(74): warning C4244: 'argument': conversion from 'float' to 'sf::Uint8', possible loss of data
c:\users\erik wapner\documents\github\gameproject-massive-internship-erik\gameproject\gameproject\gsprite.cpp(101): warning C4244: 'argument': conversion from 'float' to 'int', possible loss of data
c:\users\erik wapner\documents\github\gameproject-massive-internship-erik\gameproject\gameproject\gsprite.cpp(107): warning C4244: 'argument': conversion from 'float' to 'sf::Uint8', possible loss of data
c:\users\erik wapner\documents\github\gameproject-massive-internship-erik\gameproject\gameproject\gsprite.cpp(161): warning C4018: '<': signed/unsigned mismatch
c:\users\erik wapner\documents\github\gameproject-massive-internship-erik\gameproject\gameproject\gsprite.cpp(198): warning C4244: '=': conversion from 'unsigned int' to 'float', possible loss of data
c:\users\erik wapner\documents\github\gameproject-massive-internship-erik\gameproject\gameproject\gsprite.cpp(199): warning C4244: '=': conversion from 'unsigned int' to 'float', possible loss of data
c:\users\erik wapner\documents\github\gameproject-massive-internship-erik\gameproject\gameproject\gsprite.cpp(201): warning C4244: '=': conversion from 'int' to 'float', possible loss of data
c:\users\erik wapner\documents\github\gameproject-massive-internship-erik\gameproject\gameproject\gsprite.cpp(208): warning C4244: '=': conversion from 'unsigned int' to 'float', possible loss of data
c:\users\erik wapner\documents\github\gameproject-massive-internship-erik\gameproject\gameproject\gsprite.cpp(209): warning C4244: '=': conversion from 'unsigned int' to 'float', possible loss of data
c:\users\erik wapner\documents\github\gameproject-massive-internship-erik\gameproject\gameproject\gsprite.cpp(224): warning C4244: '=': conversion from 'int' to 'float', possible loss of data
  Generating Code...
c:\users\erik wapner\documents\github\gameproject-massive-internship-erik\gameproject\gameproject\growingarray.h(296): warning C4172: returning address of local variable or temporary
